<?xml version="1.0" encoding="UTF-8"?>
<testsuite xmlns:xsi="http://www.w3.org/2001/XMLSchema-instance" xsi:noNamespaceSchemaLocation="https://maven.apache.org/surefire/maven-surefire-plugin/xsd/surefire-test-report-3.0.xsd" version="3.0" name="com.BlogApp.BlogApp.BlogAppApplicationTests" time="5.861" tests="1" errors="0" skipped="0" failures="0">
  <properties>
[...]
</properties>
  <testcase name="contextLoads" classname="com.BlogApp.BlogApp.BlogAppApplicationTests" time="1.305">
    <system-out><![CDATA[01:19:33.094 [main] INFO org.springframework.test.context.support.AnnotationConfigContextLoaderUtils -- Could not detect default configuration classes for test class [com.BlogApp.BlogApp.BlogAppApplicationTests]: BlogAppApplicationTests does not declare any static, non-private, non-final, nested classes annotated with @Configuration.
01:19:33.251 [main] INFO org.springframework.boot.test.context.SpringBootTestContextBootstrapper -- Found @SpringBootConfiguration com.BlogApp.BlogApp.BlogAppApplication for test class com.BlogApp.BlogApp.BlogAppApplicationTests

  .   ____          _            __ _ _
 /\\ / ___'_ __ _ _(_)_ __  __ _ \ \ \ \
( ( )\___ | '_ | '_| | '_ \/ _` | \ \ \ \
 \\/  ___)| |_)| | | | | || (_| |  ) ) ) )
  '  |____| .__|_| |_|_| |_\__, | / / / /
 =========|_|==============|___/=/_/_/_/

 :: Spring Boot ::                (v3.3.4)

2024-11-04T01:19:33.882+05:30  INFO 1316 --- [BlogApp] [           main] c.B.BlogApp.BlogAppApplicationTests      : Starting BlogAppApplicationTests using Java 21.0.5 with PID 1316 (started by Tuhin in D:\java\BlogApp)
2024-11-04T01:19:33.882+05:30  INFO 1316 --- [BlogApp] [           main] c.B.BlogApp.BlogAppApplicationTests      : No active profile set, falling back to 1 default profile: "default"
2024-11-04T01:19:34.913+05:30  INFO 1316 --- [BlogApp] [           main] .s.d.r.c.RepositoryConfigurationDelegate : Bootstrapping Spring Data MongoDB repositories in DEFAULT mode.
2024-11-04T01:19:34.991+05:30  INFO 1316 --- [BlogApp] [           main] .s.d.r.c.RepositoryConfigurationDelegate : Finished Spring Data repository scanning in 77 ms. Found 1 MongoDB repository interface.
2024-11-04T01:19:35.981+05:30  INFO 1316 --- [BlogApp] [           main] org.mongodb.driver.client                : MongoClient with metadata {"application": {"name": "Cluster0"}, "driver": {"name": "mongo-java-driver|sync|spring-boot", "version": "5.0.1"}, "os": {"type": "Windows", "name": "Windows 11", "architecture": "amd64", "version": "10.0"}, "platform": "Java/Oracle Corporation/21.0.5+9-LTS-239"} created with settings MongoClientSettings{readPreference=primary, writeConcern=WriteConcern{w=majority, wTimeout=null ms, journal=null}, retryWrites=true, retryReads=true, readConcern=ReadConcern{level=null}, credential=MongoCredential{mechanism=null, userName='blogapp', source='admin', password=<hidden>, mechanismProperties=<hidden>}, transportSettings=null, commandListeners=[], codecRegistry=ProvidersCodecRegistry{codecProviders=[ValueCodecProvider{}, BsonValueCodecProvider{}, DBRefCodecProvider{}, DBObjectCodecProvider{}, DocumentCodecProvider{}, CollectionCodecProvider{}, IterableCodecProvider{}, MapCodecProvider{}, GeoJsonCodecProvider{}, GridFSFileCodecProvider{}, Jsr310CodecProvider{}, JsonObjectCodecProvider{}, BsonCodecProvider{}, EnumCodecProvider{}, com.mongodb.client.model.mql.ExpressionCodecProvider@1984212d, com.mongodb.Jep395RecordCodecProvider@39f5b723, com.mongodb.KotlinCodecProvider@4eaa375c]}, loggerSettings=LoggerSettings{maxDocumentLength=1000}, clusterSettings={hosts=[127.0.0.1:27017], srvHost=cluster0.5gmku.mongodb.net, srvServiceName=mongodb, mode=MULTIPLE, requiredClusterType=REPLICA_SET, requiredReplicaSetName='atlas-obpoov-shard-0', serverSelector='null', clusterListeners='[]', serverSelectionTimeout='30000 ms', localThreshold='15 ms'}, socketSettings=SocketSettings{connectTimeoutMS=10000, readTimeoutMS=0, receiveBufferSize=0, proxySettings=ProxySettings{host=null, port=null, username=null, password=null}}, heartbeatSocketSettings=SocketSettings{connectTimeoutMS=10000, readTimeoutMS=10000, receiveBufferSize=0, proxySettings=ProxySettings{host=null, port=null, username=null, password=null}}, connectionPoolSettings=ConnectionPoolSettings{maxSize=100, minSize=0, maxWaitTimeMS=120000, maxConnectionLifeTimeMS=0, maxConnectionIdleTimeMS=0, maintenanceInitialDelayMS=0, maintenanceFrequencyMS=60000, connectionPoolListeners=[], maxConnecting=2}, serverSettings=ServerSettings{heartbeatFrequencyMS=10000, minHeartbeatFrequencyMS=500, serverListeners='[]', serverMonitorListeners='[]'}, sslSettings=SslSettings{enabled=true, invalidHostNameAllowed=false, context=null}, applicationName='Cluster0', compressorList=[], uuidRepresentation=JAVA_LEGACY, serverApi=null, autoEncryptionSettings=null, dnsClient=null, inetAddressResolver=null, contextProvider=null}
2024-11-04T01:19:36.264+05:30  INFO 1316 --- [BlogApp] [mku.mongodb.net] org.mongodb.driver.cluster               : Adding discovered server cluster0-shard-00-00.5gmku.mongodb.net:27017 to client view of cluster
2024-11-04T01:19:36.323+05:30  INFO 1316 --- [BlogApp] [mku.mongodb.net] org.mongodb.driver.cluster               : Adding discovered server cluster0-shard-00-01.5gmku.mongodb.net:27017 to client view of cluster
2024-11-04T01:19:36.327+05:30  INFO 1316 --- [BlogApp] [mku.mongodb.net] org.mongodb.driver.cluster               : Adding discovered server cluster0-shard-00-02.5gmku.mongodb.net:27017 to client view of cluster
2024-11-04T01:19:37.368+05:30  INFO 1316 --- [BlogApp] [           main] c.B.BlogApp.BlogAppApplicationTests      : Started BlogAppApplicationTests in 3.866 seconds (process running for 5.343)
2024-11-04T01:19:37.938+05:30  INFO 1316 --- [BlogApp] [ngodb.net:27017] org.mongodb.driver.cluster               : Monitor thread successfully connected to server with description ServerDescription{address=cluster0-shard-00-00.5gmku.mongodb.net:27017, type=REPLICA_SET_SECONDARY, state=CONNECTED, ok=true, minWireVersion=0, maxWireVersion=21, maxDocumentSize=16777216, logicalSessionTimeoutMinutes=30, roundTripTimeNanos=752670900, setName='atlas-obpoov-shard-0', canonicalAddress=cluster0-shard-00-00.5gmku.mongodb.net:27017, hosts=[cluster0-shard-00-01.5gmku.mongodb.net:27017, cluster0-shard-00-00.5gmku.mongodb.net:27017, cluster0-shard-00-02.5gmku.mongodb.net:27017], passives=[], arbiters=[], primary='cluster0-shard-00-01.5gmku.mongodb.net:27017', tagSet=TagSet{[Tag{name='availabilityZone', value='aps1-az1'}, Tag{name='diskState', value='READY'}, Tag{name='nodeType', value='ELECTABLE'}, Tag{name='provider', value='AWS'}, Tag{name='region', value='AP_SOUTH_1'}, Tag{name='workloadType', value='OPERATIONAL'}]}, electionId=null, setVersion=1, topologyVersion=TopologyVersion{processId=6722833689510d873e514958, counter=4}, lastWriteDate=Mon Nov 04 01:19:29 IST 2024, lastUpdateTimeNanos=307752626223900}
2024-11-04T01:19:37.938+05:30  INFO 1316 --- [BlogApp] [ngodb.net:27017] org.mongodb.driver.cluster               : Monitor thread successfully connected to server with description ServerDescription{address=cluster0-shard-00-01.5gmku.mongodb.net:27017, type=REPLICA_SET_PRIMARY, state=CONNECTED, ok=true, minWireVersion=0, maxWireVersion=21, maxDocumentSize=16777216, logicalSessionTimeoutMinutes=30, roundTripTimeNanos=752571400, setName='atlas-obpoov-shard-0', canonicalAddress=cluster0-shard-00-01.5gmku.mongodb.net:27017, hosts=[cluster0-shard-00-01.5gmku.mongodb.net:27017, cluster0-shard-00-00.5gmku.mongodb.net:27017, cluster0-shard-00-02.5gmku.mongodb.net:27017], passives=[], arbiters=[], primary='cluster0-shard-00-01.5gmku.mongodb.net:27017', tagSet=TagSet{[Tag{name='availabilityZone', value='aps1-az3'}, Tag{name='diskState', value='READY'}, Tag{name='nodeType', value='ELECTABLE'}, Tag{name='provider', value='AWS'}, Tag{name='region', value='AP_SOUTH_1'}, Tag{name='workloadType', value='OPERATIONAL'}]}, electionId=7fffffff000000000000000a, setVersion=1, topologyVersion=TopologyVersion{processId=6722835e211ae40bdbeeaace, counter=6}, lastWriteDate=Mon Nov 04 01:19:29 IST 2024, lastUpdateTimeNanos=307752626131000}
2024-11-04T01:19:37.938+05:30  INFO 1316 --- [BlogApp] [ngodb.net:27017] org.mongodb.driver.cluster               : Monitor thread successfully connected to server with description ServerDescription{address=cluster0-shard-00-02.5gmku.mongodb.net:27017, type=REPLICA_SET_SECONDARY, state=CONNECTED, ok=true, minWireVersion=0, maxWireVersion=21, maxDocumentSize=16777216, logicalSessionTimeoutMinutes=30, roundTripTimeNanos=752511200, setName='atlas-obpoov-shard-0', canonicalAddress=cluster0-shard-00-02.5gmku.mongodb.net:27017, hosts=[cluster0-shard-00-01.5gmku.mongodb.net:27017, cluster0-shard-00-00.5gmku.mongodb.net:27017, cluster0-shard-00-02.5gmku.mongodb.net:27017], passives=[], arbiters=[], primary='cluster0-shard-00-01.5gmku.mongodb.net:27017', tagSet=TagSet{[Tag{name='availabilityZone', value='aps1-az2'}, Tag{name='diskState', value='READY'}, Tag{name='nodeType', value='ELECTABLE'}, Tag{name='provider', value='AWS'}, Tag{name='region', value='AP_SOUTH_1'}, Tag{name='workloadType', value='OPERATIONAL'}]}, electionId=null, setVersion=1, topologyVersion=TopologyVersion{processId=67228385f0f3a1cd7a7fea9f, counter=3}, lastWriteDate=Mon Nov 04 01:19:29 IST 2024, lastUpdateTimeNanos=307752626130800}
2024-11-04T01:19:37.940+05:30  INFO 1316 --- [BlogApp] [ngodb.net:27017] org.mongodb.driver.cluster               : Discovered replica set primary cluster0-shard-00-01.5gmku.mongodb.net:27017 with max election id 7fffffff000000000000000a and max set version 1
]]></system-out>
    <system-err><![CDATA[WARNING: A Java agent has been loaded dynamically (C:\Users\Tuhin\.m2\repository\net\bytebuddy\byte-buddy-agent\1.14.19\byte-buddy-agent-1.14.19.jar)
WARNING: If a serviceability tool is in use, please run with -XX:+EnableDynamicAgentLoading to hide this warning
WARNING: If a serviceability tool is not in use, please run with -Djdk.instrument.traceUsage for more information
WARNING: Dynamic loading of agents will be disallowed by default in a future release
]]></system-err>
  </testcase>
</testsuite>