<?xml version="1.0" encoding="UTF-8"?>
<testsuite xmlns:xsi="http://www.w3.org/2001/XMLSchema-instance" xsi:noNamespaceSchemaLocation="https://maven.apache.org/surefire/maven-surefire-plugin/xsd/surefire-test-report-3.0.xsd" version="3.0" name="com.BlogApp.BlogApp.BlogAppApplicationTests" time="4.532" tests="1" errors="0" skipped="0" failures="0">
  <properties>
[...]
</properties>
  <testcase name="contextLoads" classname="com.BlogApp.BlogApp.BlogAppApplicationTests" time="1.004">
    <system-out><![CDATA[20:11:31.780 [main] INFO org.springframework.test.context.support.AnnotationConfigContextLoaderUtils -- Could not detect default configuration classes for test class [com.BlogApp.BlogApp.BlogAppApplicationTests]: BlogAppApplicationTests does not declare any static, non-private, non-final, nested classes annotated with @Configuration.
20:11:31.895 [main] INFO org.springframework.boot.test.context.SpringBootTestContextBootstrapper -- Found @SpringBootConfiguration com.BlogApp.BlogApp.BlogAppApplication for test class com.BlogApp.BlogApp.BlogAppApplicationTests

  .   ____          _            __ _ _
 /\\ / ___'_ __ _ _(_)_ __  __ _ \ \ \ \
( ( )\___ | '_ | '_| | '_ \/ _` | \ \ \ \
 \\/  ___)| |_)| | | | | || (_| |  ) ) ) )
  '  |____| .__|_| |_|_| |_\__, | / / / /
 =========|_|==============|___/=/_/_/_/

 :: Spring Boot ::                (v3.3.4)

2024-10-23T20:11:32.412+05:30  INFO 24198 --- [BlogApp] [           main] c.B.BlogApp.BlogAppApplicationTests      : Starting BlogAppApplicationTests using Java 21.0.5 with PID 24198 (started by tuhin in /mnt/sda1/java/BlogApp)
2024-10-23T20:11:32.414+05:30  INFO 24198 --- [BlogApp] [           main] c.B.BlogApp.BlogAppApplicationTests      : No active profile set, falling back to 1 default profile: "default"
2024-10-23T20:11:33.236+05:30  INFO 24198 --- [BlogApp] [           main] .s.d.r.c.RepositoryConfigurationDelegate : Bootstrapping Spring Data MongoDB repositories in DEFAULT mode.
2024-10-23T20:11:33.303+05:30  INFO 24198 --- [BlogApp] [           main] .s.d.r.c.RepositoryConfigurationDelegate : Finished Spring Data repository scanning in 59 ms. Found 1 MongoDB repository interface.
2024-10-23T20:11:33.911+05:30  INFO 24198 --- [BlogApp] [           main] org.mongodb.driver.client                : MongoClient with metadata {"application": {"name": "Cluster0"}, "driver": {"name": "mongo-java-driver|sync|spring-boot", "version": "5.0.1"}, "os": {"type": "Linux", "name": "Linux", "architecture": "amd64", "version": "6.11.5-zen1-1-zen"}, "platform": "Java/Arch Linux/21.0.5+11"} created with settings MongoClientSettings{readPreference=primary, writeConcern=WriteConcern{w=majority, wTimeout=null ms, journal=null}, retryWrites=true, retryReads=true, readConcern=ReadConcern{level=null}, credential=MongoCredential{mechanism=null, userName='blogapp', source='admin', password=<hidden>, mechanismProperties=<hidden>}, transportSettings=null, commandListeners=[], codecRegistry=ProvidersCodecRegistry{codecProviders=[ValueCodecProvider{}, BsonValueCodecProvider{}, DBRefCodecProvider{}, DBObjectCodecProvider{}, DocumentCodecProvider{}, CollectionCodecProvider{}, IterableCodecProvider{}, MapCodecProvider{}, GeoJsonCodecProvider{}, GridFSFileCodecProvider{}, Jsr310CodecProvider{}, JsonObjectCodecProvider{}, BsonCodecProvider{}, EnumCodecProvider{}, com.mongodb.client.model.mql.ExpressionCodecProvider@7209ffb5, com.mongodb.Jep395RecordCodecProvider@5e99b9c, com.mongodb.KotlinCodecProvider@2fe74516]}, loggerSettings=LoggerSettings{maxDocumentLength=1000}, clusterSettings={hosts=[127.0.0.1:27017], srvHost=cluster0.5gmku.mongodb.net, srvServiceName=mongodb, mode=MULTIPLE, requiredClusterType=REPLICA_SET, requiredReplicaSetName='atlas-obpoov-shard-0', serverSelector='null', clusterListeners='[]', serverSelectionTimeout='30000 ms', localThreshold='15 ms'}, socketSettings=SocketSettings{connectTimeoutMS=10000, readTimeoutMS=0, receiveBufferSize=0, proxySettings=ProxySettings{host=null, port=null, username=null, password=null}}, heartbeatSocketSettings=SocketSettings{connectTimeoutMS=10000, readTimeoutMS=10000, receiveBufferSize=0, proxySettings=ProxySettings{host=null, port=null, username=null, password=null}}, connectionPoolSettings=ConnectionPoolSettings{maxSize=100, minSize=0, maxWaitTimeMS=120000, maxConnectionLifeTimeMS=0, maxConnectionIdleTimeMS=0, maintenanceInitialDelayMS=0, maintenanceFrequencyMS=60000, connectionPoolListeners=[], maxConnecting=2}, serverSettings=ServerSettings{heartbeatFrequencyMS=10000, minHeartbeatFrequencyMS=500, serverListeners='[]', serverMonitorListeners='[]'}, sslSettings=SslSettings{enabled=true, invalidHostNameAllowed=false, context=null}, applicationName='Cluster0', compressorList=[], uuidRepresentation=JAVA_LEGACY, serverApi=null, autoEncryptionSettings=null, dnsClient=null, inetAddressResolver=null, contextProvider=null}
2024-10-23T20:11:33.945+05:30  INFO 24198 --- [BlogApp] [mku.mongodb.net] org.mongodb.driver.cluster               : Adding discovered server cluster0-shard-00-00.5gmku.mongodb.net:27017 to client view of cluster
2024-10-23T20:11:33.975+05:30  INFO 24198 --- [BlogApp] [mku.mongodb.net] org.mongodb.driver.cluster               : Adding discovered server cluster0-shard-00-01.5gmku.mongodb.net:27017 to client view of cluster
2024-10-23T20:11:33.980+05:30  INFO 24198 --- [BlogApp] [mku.mongodb.net] org.mongodb.driver.cluster               : Adding discovered server cluster0-shard-00-02.5gmku.mongodb.net:27017 to client view of cluster
2024-10-23T20:11:34.833+05:30  INFO 24198 --- [BlogApp] [ngodb.net:27017] org.mongodb.driver.cluster               : Monitor thread successfully connected to server with description ServerDescription{address=cluster0-shard-00-01.5gmku.mongodb.net:27017, type=REPLICA_SET_PRIMARY, state=CONNECTED, ok=true, minWireVersion=0, maxWireVersion=21, maxDocumentSize=16777216, logicalSessionTimeoutMinutes=30, roundTripTimeNanos=485591917, setName='atlas-obpoov-shard-0', canonicalAddress=cluster0-shard-00-01.5gmku.mongodb.net:27017, hosts=[cluster0-shard-00-01.5gmku.mongodb.net:27017, cluster0-shard-00-00.5gmku.mongodb.net:27017, cluster0-shard-00-02.5gmku.mongodb.net:27017], passives=[], arbiters=[], primary='cluster0-shard-00-01.5gmku.mongodb.net:27017', tagSet=TagSet{[Tag{name='availabilityZone', value='aps1-az3'}, Tag{name='diskState', value='READY'}, Tag{name='nodeType', value='ELECTABLE'}, Tag{name='provider', value='AWS'}, Tag{name='region', value='AP_SOUTH_1'}, Tag{name='workloadType', value='OPERATIONAL'}]}, electionId=7fffffff0000000000000008, setVersion=1, topologyVersion=TopologyVersion{processId=67088dfe27fe41d2003b6a78, counter=6}, lastWriteDate=Wed Oct 23 20:11:30 IST 2024, lastUpdateTimeNanos=7016891487807}
2024-10-23T20:11:34.833+05:30  INFO 24198 --- [BlogApp] [ngodb.net:27017] org.mongodb.driver.cluster               : Monitor thread successfully connected to server with description ServerDescription{address=cluster0-shard-00-02.5gmku.mongodb.net:27017, type=REPLICA_SET_SECONDARY, state=CONNECTED, ok=true, minWireVersion=0, maxWireVersion=21, maxDocumentSize=16777216, logicalSessionTimeoutMinutes=30, roundTripTimeNanos=485632374, setName='atlas-obpoov-shard-0', canonicalAddress=cluster0-shard-00-02.5gmku.mongodb.net:27017, hosts=[cluster0-shard-00-01.5gmku.mongodb.net:27017, cluster0-shard-00-00.5gmku.mongodb.net:27017, cluster0-shard-00-02.5gmku.mongodb.net:27017], passives=[], arbiters=[], primary='cluster0-shard-00-01.5gmku.mongodb.net:27017', tagSet=TagSet{[Tag{name='availabilityZone', value='aps1-az2'}, Tag{name='diskState', value='READY'}, Tag{name='nodeType', value='ELECTABLE'}, Tag{name='provider', value='AWS'}, Tag{name='region', value='AP_SOUTH_1'}, Tag{name='workloadType', value='OPERATIONAL'}]}, electionId=null, setVersion=1, topologyVersion=TopologyVersion{processId=67089098cdcecf1505d47d3b, counter=3}, lastWriteDate=Wed Oct 23 20:11:30 IST 2024, lastUpdateTimeNanos=7016891524338}
2024-10-23T20:11:34.834+05:30  INFO 24198 --- [BlogApp] [ngodb.net:27017] org.mongodb.driver.cluster               : Monitor thread successfully connected to server with description ServerDescription{address=cluster0-shard-00-00.5gmku.mongodb.net:27017, type=REPLICA_SET_SECONDARY, state=CONNECTED, ok=true, minWireVersion=0, maxWireVersion=21, maxDocumentSize=16777216, logicalSessionTimeoutMinutes=30, roundTripTimeNanos=485556734, setName='atlas-obpoov-shard-0', canonicalAddress=cluster0-shard-00-00.5gmku.mongodb.net:27017, hosts=[cluster0-shard-00-01.5gmku.mongodb.net:27017, cluster0-shard-00-00.5gmku.mongodb.net:27017, cluster0-shard-00-02.5gmku.mongodb.net:27017], passives=[], arbiters=[], primary='cluster0-shard-00-01.5gmku.mongodb.net:27017', tagSet=TagSet{[Tag{name='availabilityZone', value='aps1-az1'}, Tag{name='diskState', value='READY'}, Tag{name='nodeType', value='ELECTABLE'}, Tag{name='provider', value='AWS'}, Tag{name='region', value='AP_SOUTH_1'}, Tag{name='workloadType', value='OPERATIONAL'}]}, electionId=null, setVersion=1, topologyVersion=TopologyVersion{processId=67088caa73e1ffb5f3ca4b33, counter=4}, lastWriteDate=Wed Oct 23 20:11:30 IST 2024, lastUpdateTimeNanos=7016891461859}
2024-10-23T20:11:34.841+05:30  INFO 24198 --- [BlogApp] [ngodb.net:27017] org.mongodb.driver.cluster               : Discovered replica set primary cluster0-shard-00-01.5gmku.mongodb.net:27017 with max election id 7fffffff0000000000000008 and max set version 1
2024-10-23T20:11:35.082+05:30  INFO 24198 --- [BlogApp] [           main] c.B.BlogApp.BlogAppApplicationTests      : Started BlogAppApplicationTests in 2.969 seconds (process running for 4.012)
]]></system-out>
    <system-err><![CDATA[WARNING: A Java agent has been loaded dynamically (/home/tuhin/.m2/repository/net/bytebuddy/byte-buddy-agent/1.14.19/byte-buddy-agent-1.14.19.jar)
WARNING: If a serviceability tool is in use, please run with -XX:+EnableDynamicAgentLoading to hide this warning
WARNING: If a serviceability tool is not in use, please run with -Djdk.instrument.traceUsage for more information
WARNING: Dynamic loading of agents will be disallowed by default in a future release
]]></system-err>
  </testcase>
</testsuite>